<?xml version="1.0" encoding="UTF-8"?>
<ФайлОбмена ВерсияФормата="2.0" ДатаВыгрузки="2019-08-26T09:31:49" НачалоПериодаВыгрузки="2015-01-02T00:00:00"
            ОкончаниеПериодаВыгрузки="2018-01-31T23:59:59" ИмяКонфигурацииИсточника="БухгалтерияДляУкраины"
            ИмяКонфигурацииПриемника="Odoo demo" ИдПравилКонвертации="d35349be-7fbd-44f4-a416-7531c32d5f47"
            Комментарий="">
<ПравилаОбмена>
	<ВерсияФормата>2.01</ВерсияФормата>
	<Ид>d35349be-7fbd-44f4-a416-7531c32d5f47</Ид>
	<Наименование>БухУкр2.0 --&gt; Odoo 16 DEMO</Наименование>
	<ДатаВремяСоздания>2019-06-18T11:28:47</ДатаВремяСоздания>
	<Источник>БухгалтерияДляУкраины</Источник>
	<Приемник>Odoo 16 demo</Приемник>
	<Параметры/>
	<Обработки/>
	<ПравилаКонвертацииОбъектов>
		<Правило>
			<Код>saleOrder</Код>
			<СинхронизироватьПоИдентификатору>true</СинхронизироватьПоИдентификатору>
			<Источник>ДокументСсылка.СчетНаОплатуПокупателю</Источник>
			<Приемник>СправочникСсылка.saleOrder</Приемник>
		</Правило>
		<Правило>
			<Код>resPartner</Код>
			<СинхронизироватьПоИдентификатору>true</СинхронизироватьПоИдентификатору>
			<ПродолжитьПоискПоПолямПоискаЕслиПоИдентификаторуНеНашли>true
			</ПродолжитьПоискПоПолямПоискаЕслиПоИдентификаторуНеНашли>
			<ГенерироватьНовыйНомерИлиКодЕслиНеУказан>true</ГенерироватьНовыйНомерИлиКодЕслиНеУказан>
			<Источник>СправочникСсылка.Контрагенты</Источник>
			<Приемник>СправочникСсылка.resPartner</Приемник>
		</Правило>
		<Правило>
			<Код>productProduct</Код>
			<СинхронизироватьПоИдентификатору>true</СинхронизироватьПоИдентификатору>
			<ПродолжитьПоискПоПолямПоискаЕслиПоИдентификаторуНеНашли>true
			</ПродолжитьПоискПоПолямПоискаЕслиПоИдентификаторуНеНашли>
			<Источник>СправочникСсылка.Номенклатура</Источник>
			<Приемник>СправочникСсылка.productProduct</Приемник>
			<ПослеЗагрузки>obj.description_sale = 'test run code after upload - OK'</ПослеЗагрузки>
		</Правило>
		<Правило>
			<Код>productTemplate</Код>
			<СинхронизироватьПоИдентификатору>true</СинхронизироватьПоИдентификатору>
			<Источник>СправочникСсылка.Номенклатура</Источник>
			<Приемник>СправочникСсылка.productTemplate</Приемник>
		</Правило>
		<Правило>
			<Код>accountTax</Код>
			<СинхронизироватьПоИдентификатору>true</СинхронизироватьПоИдентификатору>
			<ПродолжитьПоискПоПолямПоискаЕслиПоИдентификаторуНеНашли>true
			</ПродолжитьПоискПоПолямПоискаЕслиПоИдентификаторуНеНашли>
			<Источник>ПеречислениеСсылка.СтавкиНДС</Источник>
			<Приемник>СправочникСсылка.accountTax</Приемник>
		</Правило>
		<Правило>
			<Код>resCountry</Код>
			<НеЗамещать>true</НеЗамещать>
			<СинхронизироватьПоИдентификатору>true</СинхронизироватьПоИдентификатору>
			<ПродолжитьПоискПоПолямПоискаЕслиПоИдентификаторуНеНашли>true
			</ПродолжитьПоискПоПолямПоискаЕслиПоИдентификаторуНеНашли>
			<Источник>СправочникСсылка.СтраныМира</Источник>
			<Приемник>СправочникСсылка.resCountry</Приемник>
		</Правило>
		<Правило>
			<Код>resBank</Код>
			<НеЗамещать>true</НеЗамещать>
			<СинхронизироватьПоИдентификатору>true</СинхронизироватьПоИдентификатору>
			<Источник>СправочникСсылка.Банки</Источник>
			<Приемник>СправочникСсылка.resBank</Приемник>
		</Правило>
		<Правило>
			<Код>resCurrency</Код>
			<НеЗамещать>true</НеЗамещать>
			<СинхронизироватьПоИдентификатору>true</СинхронизироватьПоИдентификатору>
			<ПродолжитьПоискПоПолямПоискаЕслиПоИдентификаторуНеНашли>true
			</ПродолжитьПоискПоПолямПоискаЕслиПоИдентификаторуНеНашли>
			<Источник>СправочникСсылка.Валюты</Источник>
			<Приемник>СправочникСсылка.resCurrency</Приемник>
		</Правило>
	</ПравилаКонвертацииОбъектов>
	<ПравилаОчисткиДанных/>
	<Алгоритмы/>
	<Запросы/>
</ПравилаОбмена>

<Объект Нпп="4" Тип="СправочникСсылка.resCurrency" ИмяПравила="resCurrency">
	<Ссылка Нпп="4" НеСоздаватьЕслиНеНайден="true">
		<Свойство Имя="{УникальныйИдентификатор}" Тип="Строка">
			<Значение>4af97e91-75ef-11da-a0ae-00c09f83765a</Значение>
		</Свойство>
		<Свойство Имя="name" Тип="Строка">
			<Значение>AUD</Значение>
		</Свойство>
	</Ссылка>
	<Свойство Имя="active" Тип="Булево">
		<Значение>true</Значение>
	</Свойство>
	<Свойство Имя="full_name" Тип="Строка" НеЗамещать="1">
		<Значение>Австралийский Доллар тест</Значение>
	</Свойство>
</Объект>

<Объект Нпп="5" Тип="СправочникСсылка.resCountry" ИмяПравила="resCountry" НеЗамещать="true">
	<Ссылка Нпп="5" НеСоздаватьЕслиНеНайден="true">
		<Свойство Имя="{УникальныйИдентификатор}" Тип="Строка">
			<Значение>4af97e91-7777-11da-a0ae-00c09f83765a</Значение>
		</Свойство>
		<Свойство Имя="name" Тип="Строка">
			<Значение>Italy</Значение>
		</Свойство>
	</Ссылка>
	<Свойство Имя="phone_code" Тип="Число">
		<Значение>7777</Значение>
	</Свойство>
</Объект>

<Объект Нпп="2" Тип="СправочникСсылка.productProduct" ИмяПравила="productProduct">
	<Ссылка Нпп="2">
		<Свойство Имя="{УникальныйИдентификатор}" Тип="Строка">
			<Значение>cfc0cf80-06f8-11d9-9a46-000d884f5d77</Значение>
		</Свойство>
		<Свойство Имя="default_code" Тип="Строка">
			<Значение>00000037</Значение>
		</Свойство>
	</Ссылка>
	<Свойство Имя="barcode" Тип="Строка">
		<Значение>1111111111111</Значение>
	</Свойство>
	<Свойство Имя="name" Тип="Строка">
		<Значение>Кресло-качалка</Значение>
	</Свойство>
	<Свойство Имя="description" Тип="Строка">
		<Значение>Очень удобное Кресло-качалка для Биг-Босса</Значение>
	</Свойство>
	<Свойство Имя="type" Тип="productProduct__Type">
		<Значение>consu</Значение>
	</Свойство>
</Объект>
<Объект Нпп="3" Тип="СправочникСсылка.resPartner" ИмяПравила="resPartner">
	<Ссылка Нпп="3">
		<Свойство Имя="{УникальныйИдентификатор}" Тип="Строка">
			<Значение>f111ce75-394b-11de-9e6e-00804829546f</Значение>
		</Свойство>
		<Свойство Имя="vat" Тип="Строка">
			<Значение>0123456789</Значение>
		</Свойство>
	</Ссылка>
	<Свойство Имя="name" Тип="Строка">
		<Значение>Modool.pro</Значение>
	</Свойство>
	<Свойство Имя="phone" Тип="Строка">
		<Значение>+38 063 146-48-33</Значение>
	</Свойство>
	<Свойство Имя="email" Тип="Строка">
		<Значение>info@modool.pro</Значение>
	</Свойство>
	<Свойство Имя="website" Тип="Строка">
		<Значение>https://modool.pro</Значение>
	</Свойство>
	<Свойство Имя="comment" Тип="Строка">
		<Значение>Код 1с: 0000051</Значение>
	</Свойство>
</Объект>
<Объект Нпп="1" Тип="СправочникСсылка.saleOrder" ИмяПравила="saleOrder">
	<Ссылка Нпп="1">
		<Свойство Имя="{УникальныйИдентификатор}" Тип="Строка">
			<Значение>f111ce78-394b-11de-9e6e-00804829546f</Значение>
		</Свойство>
		<Свойство Имя="name" Тип="Строка">
			<Значение>ДО000000007</Значение>
		</Свойство>
		<Свойство Имя="date_order" Тип="Дата">
			<Значение>2015-03-15T01:54:05</Значение>
		</Свойство>
	</Ссылка>
	<ТабличнаяЧасть Имя="order_line">
		<Запись>
			<Свойство Имя="product_id" Тип="СправочникСсылка.productProduct">
				<Ссылка Нпп="2">
					<Свойство Имя="{УникальныйИдентификатор}" Тип="Строка">
						<Значение>cfc0cf80-06f8-11d9-9a46-000d884f5d77</Значение>
					</Свойство>
					<Свойство Имя="default_code" Тип="Строка">
						<Значение>00000037</Значение>
					</Свойство>
				</Ссылка>
			</Свойство>
			<Свойство Имя="product_uom_qty" Тип="Число">
				<Значение>15</Значение>
			</Свойство>
			<Свойство Имя="tax_id" Тип="СправочникСсылка.accountTax">
				<Пусто/>
			</Свойство>
			<Свойство Имя="price_unit" Тип="Число">
				<Значение>42.15</Значение>
			</Свойство>
		</Запись>
	</ТабличнаяЧасть>
	<Свойство Имя="partner_id" Тип="СправочникСсылка.resPartner">
		<Ссылка Нпп="3">
			<Свойство Имя="{УникальныйИдентификатор}" Тип="Строка">
				<Значение>f111ce75-394b-11de-9e6e-00804829546f</Значение>
			</Свойство>
			<Свойство Имя="vat" Тип="Строка">
				<Значение>0123456789</Значение>
			</Свойство>
		</Ссылка>
	</Свойство>
	<Свойство Имя="note" Тип="Строка">
		<Значение>Продаем шикарное Кресло-качалку. Биг-Босс не оценил</Значение>
	</Свойство>
</Объект>
</ФайлОбмена>
